#
# There is insufficient memory for the Java Runtime Environment to continue.
# Native memory allocation (malloc) failed to allocate 1048576 bytes for AllocateHeap
# Possible reasons:
#   The system is out of physical RAM or swap space
#   The process is running with CompressedOops enabled, and the Java Heap may be blocking the growth of the native heap
# Possible solutions:
#   Reduce memory load on the system
#   Increase physical memory or swap space
#   Check if swap backing store is full
#   Decrease Java heap size (-Xmx/-Xms)
#   Decrease number of Java threads
#   Decrease Java thread stack sizes (-Xss)
#   Set larger code cache with -XX:ReservedCodeCacheSize=
#   JVM is running with Unscaled Compressed Oops mode in which the Java heap is
#     placed in the first 4GB address space. The Java Heap base address is the
#     maximum limit for the native heap growth. Please use -XX:HeapBaseMinAddress
#     to set the Java Heap base and to place the Java Heap above 4GB virtual address.
# This output file may be truncated or incomplete.
#
#  Out of Memory Error (memory/allocation.inline.hpp:61), pid=23556, tid=0x0000000000005e38
#
# JRE version:  (8.0_271-b09) (build )
# Java VM: Java HotSpot(TM) 64-Bit Server VM (25.271-b09 mixed mode windows-amd64 compressed oops)
# Failed to write core dump. Minidumps are not enabled by default on client versions of Windows
#

---------------  T H R E A D  ---------------

Current thread (0x000001db1d3ef000):  JavaThread "Unknown thread" [_thread_in_vm, id=24120, stack(0x0000003135500000,0x0000003135600000)]

Stack: [0x0000003135500000,0x0000003135600000]
Native frames: (J=compiled Java code, j=interpreted, Vv=VM code, C=native code)
V  [jvm.dll+0x33f6c9]
V  [jvm.dll+0x286122]
V  [jvm.dll+0x286dcd]
V  [jvm.dll+0x27d805]
V  [jvm.dll+0x1565d]
V  [jvm.dll+0x3da1f7]
V  [jvm.dll+0x3d6637]
V  [jvm.dll+0x10cfff]
V  [jvm.dll+0x21ab2b]
V  [jvm.dll+0x2494e7]
V  [jvm.dll+0x172a76]
C  [javaw.exe+0x2322]
C  [javaw.exe+0x16544]
C  [KERNEL32.DLL+0x154e0]
C  [ntdll.dll+0x485b]


---------------  P R O C E S S  ---------------

Java Threads: ( => current thread )

Other Threads:

=>0x000001db1d3ef000 (exited) JavaThread "Unknown thread" [_thread_in_vm, id=24120, stack(0x0000003135500000,0x0000003135600000)]

VM state:not at safepoint (normal execution)

VM Mutex/Monitor currently owned by a thread: None

heap address: 0x00000000c2c00000, size: 980 MB, Compressed Oops mode: 32-bit
Narrow klass base: 0x0000000000000000, Narrow klass shift: 3
Compressed class space size: 1073741824 Address: 0x0000000100000000

Heap:
 PSYoungGen      total 18432K, used 317K [0x00000000eb980000, 0x00000000ece00000, 0x0000000100000000)
  eden space 15872K, 2% used [0x00000000eb980000,0x00000000eb9cf5d0,0x00000000ec900000)
  from space 2560K, 0% used [0x00000000ecb80000,0x00000000ecb80000,0x00000000ece00000)
  to   space 2560K, 0% used [0x00000000ec900000,0x00000000ec900000,0x00000000ecb80000)
 ParOldGen       total 42496K, used 0K [0x00000000c2c00000, 0x00000000c5580000, 0x00000000eb980000)
  object space 42496K, 0% used [0x00000000c2c00000,0x00000000c2c00000,0x00000000c5580000)
 Metaspace       used 792K, capacity 1156K, committed 1408K, reserved 1060864K
  class space    used 76K, capacity 384K, committed 384K, reserved 1048576K

Card table byte_map: [0x000001db2e170000,0x000001db2e360000] byte_map_base: 0x000001db2db5a000

Marking Bits: (ParMarkBitMap*) 0x000000006cc77fe0
 Begin Bits: [0x000001db2e4b0000, 0x000001db2f400000)
 End Bits:   [0x000001db2f400000, 0x000001db30350000)

Polling page: 0x000001db1d720000

CodeCache: size=245760Kb used=327Kb max_used=327Kb free=245432Kb
 bounds [0x000001db1edb0000, 0x000001db1f020000, 0x000001db2ddb0000]
 total_blobs=57 nmethods=0 adapters=38
 compilation: enabled

Compilation events (0 events):
No events

GC Heap History (0 events):
No events

Deoptimization events (0 events):
No events

Classes redefined (0 events):
No events

Internal exceptions (0 events):
No events

Events (10 events):
Event: 10.488 loading class java/lang/Short
Event: 10.488 loading class java/lang/Short done
Event: 10.488 loading class java/lang/Integer
Event: 10.488 loading class java/lang/Integer done
Event: 10.488 loading class java/lang/Long
Event: 10.489 loading class java/lang/Long done
Event: 10.490 loading class java/lang/NullPointerException
Event: 10.490 loading class java/lang/NullPointerException done
Event: 10.490 loading class java/lang/ArithmeticException
Event: 10.490 loading class java/lang/ArithmeticException done


Dynamic libraries:
0x00007ff70e260000 - 0x00007ff70e2a7000 	C:\Program Files\Java\jdk1.8.0_271\bin\javaw.exe
0x00007ffe31700000 - 0x00007ffe31909000 	C:\WINDOWS\SYSTEM32\ntdll.dll
0x00007ffe31310000 - 0x00007ffe313cd000 	C:\WINDOWS\System32\KERNEL32.DLL
0x00007ffe2ecc0000 - 0x00007ffe2f039000 	C:\WINDOWS\System32\KERNELBASE.dll
0x000000006dfa0000 - 0x000000006e052000 	C:\ProgramData\Symantec\Symantec Endpoint Protection\14.3.7393.4000.105\Data\Sysfer\x64\sysfer.dll
0x00007ffe2f5a0000 - 0x00007ffe2f64e000 	C:\WINDOWS\System32\ADVAPI32.dll
0x00007ffe2f8e0000 - 0x00007ffe2f983000 	C:\WINDOWS\System32\msvcrt.dll
0x00007ffe30590000 - 0x00007ffe3062e000 	C:\WINDOWS\System32\sechost.dll
0x00007ffe2fa40000 - 0x00007ffe2fb60000 	C:\WINDOWS\System32\RPCRT4.dll
0x00007ffe2f6b0000 - 0x00007ffe2f85c000 	C:\WINDOWS\System32\USER32.dll
0x00007ffe2ec90000 - 0x00007ffe2ecb6000 	C:\WINDOWS\System32\win32u.dll
0x00007ffe2f990000 - 0x00007ffe2f9b9000 	C:\WINDOWS\System32\GDI32.dll
0x00007ffe2f480000 - 0x00007ffe2f592000 	C:\WINDOWS\System32\gdi32full.dll
0x00007ffe2ebf0000 - 0x00007ffe2ec8d000 	C:\WINDOWS\System32\msvcp_win.dll
0x00007ffe2f040000 - 0x00007ffe2f151000 	C:\WINDOWS\System32\ucrtbase.dll
0x00007ffe17ca0000 - 0x00007ffe17f45000 	C:\WINDOWS\WinSxS\amd64_microsoft.windows.common-controls_6595b64144ccf1df_6.0.22000.120_none_9d947278b86cc467\COMCTL32.dll
0x00007ffe2ffd0000 - 0x00007ffe30001000 	C:\WINDOWS\System32\IMM32.DLL
0x000001db1ed60000 - 0x000001db1ed74000 	C:\WINDOWS\System32\umppc15103.dll
0x00007ffe172c0000 - 0x00007ffe172d5000 	C:\Program Files\Java\jdk1.8.0_271\jre\bin\vcruntime140.dll
0x00007ffe0d4c0000 - 0x00007ffe0d55b000 	C:\Program Files\Java\jdk1.8.0_271\jre\bin\msvcp140.dll
0x000000006c480000 - 0x000000006ccef000 	C:\Program Files\Java\jdk1.8.0_271\jre\bin\server\jvm.dll
0x00007ffe2fa20000 - 0x00007ffe2fa28000 	C:\WINDOWS\System32\PSAPI.DLL
0x00007ffe29d60000 - 0x00007ffe29d69000 	C:\WINDOWS\SYSTEM32\WSOCK32.dll
0x00007ffe30520000 - 0x00007ffe3058f000 	C:\WINDOWS\System32\WS2_32.dll
0x00007ffe228d0000 - 0x00007ffe22903000 	C:\WINDOWS\SYSTEM32\WINMM.dll
0x00007ffe1fd50000 - 0x00007ffe1fd5a000 	C:\WINDOWS\SYSTEM32\VERSION.dll
0x00007ffe2dcf0000 - 0x00007ffe2dd08000 	C:\WINDOWS\SYSTEM32\kernel.appcore.dll
0x00007ffe2a5d0000 - 0x00007ffe2a5e0000 	C:\Program Files\Java\jdk1.8.0_271\jre\bin\verify.dll
0x00007ffe145f0000 - 0x00007ffe1461b000 	C:\Program Files\Java\jdk1.8.0_271\jre\bin\java.dll
0x00007ffe02010000 - 0x00007ffe02046000 	C:\Program Files\Java\jdk1.8.0_271\jre\bin\jdwp.dll
0x00007ffe2b7d0000 - 0x00007ffe2b7d9000 	C:\Program Files\Java\jdk1.8.0_271\jre\bin\npt.dll
0x00007ffe0f790000 - 0x00007ffe0f7c0000 	C:\Program Files\Java\jdk1.8.0_271\jre\bin\instrument.dll
0x00007ffe0d470000 - 0x00007ffe0d488000 	C:\Program Files\Java\jdk1.8.0_271\jre\bin\zip.dll
0x00007ffe2c6e0000 - 0x00007ffe2c901000 	C:\WINDOWS\SYSTEM32\dbghelp.dll
0x00007ffe2f400000 - 0x00007ffe2f47f000 	C:\WINDOWS\System32\bcryptPrimitives.dll

VM Arguments:
jvm_args: -agentlib:jdwp=transport=dt_socket,suspend=y,address=localhost:51639 -javaagent:C:\Users\ASUS\Desktop\Tomcat\eclipse\configuration\org.eclipse.osgi\1034\0\.cp\lib\javaagent-shaded.jar -Dfile.encoding=UTF-8 
java_command: com.springcore.App
java_class_path (initial): C:\Users\ASUS\eclipse-workspace\SpringCore\target\classes;C:\Users\ASUS\.m2\repository\org\springframework\spring-core\5.2.3.RELEASE\spring-core-5.2.3.RELEASE.jar;C:\Users\ASUS\.m2\repository\org\springframework\spring-jcl\5.2.3.RELEASE\spring-jcl-5.2.3.RELEASE.jar;C:\Users\ASUS\.m2\repository\org\springframework\spring-context\5.2.3.RELEASE\spring-context-5.2.3.RELEASE.jar;C:\Users\ASUS\.m2\repository\org\springframework\spring-aop\5.2.3.RELEASE\spring-aop-5.2.3.RELEASE.jar;C:\Users\ASUS\.m2\repository\org\springframework\spring-beans\5.2.3.RELEASE\spring-beans-5.2.3.RELEASE.jar;C:\Users\ASUS\.m2\repository\org\springframework\spring-expression\5.2.3.RELEASE\spring-expression-5.2.3.RELEASE.jar;C:\Users\ASUS\Desktop\Tomcat\eclipse\configuration\org.eclipse.osgi\1034\0\.cp\lib\javaagent-shaded.jar
Launcher Type: SUN_STANDARD

Environment Variables:
JAVA_HOME=C:\Program Files\Java\jdk1.8.0_271\bin
JRE_HOME=C:\Program Files\Java\jre1.8.0_271
CLASSPATH=C:\Program Files (x86)\MySQL\Connector J 8.0\mysql-connector-java-8.0.27.jar;D:\Softwear\apache-tomcat-9.0.58\lib\servlet-api.jar;
PATH=C:\Program Files\Java\jdk1.8.0_271\jre\bin;C:/Users/ASUS/Desktop/Tomcat/eclipse//plugins/org.eclipse.justj.openjdk.hotspot.jre.full.win32.x86_64_17.0.1.v20211116-1657/jre/bin/server;C:/Users/ASUS/Desktop/Tomcat/eclipse//plugins/org.eclipse.justj.openjdk.hotspot.jre.full.win32.x86_64_17.0.1.v20211116-1657/jre/bin;C:\Program Files (x86)\Common Files\Oracle\Java\javapath;C:\WINDOWS\system32;C:\WINDOWS;C:\WINDOWS\System32\Wbem;C:\WINDOWS\System32\WindowsPowerShell\v1.0\;C:\WINDOWS\System32\OpenSSH\;C:\Program Files\Git\cmd;C:\Program Files\Java\jdk1.8.0_271\bin;%USERPROFILE%\AppData\Local\Microsoft\WindowsApps;;C:\Users\ASUS\Desktop\Tomcat\eclipse;
USERNAME=ASUS
OS=Windows_NT
PROCESSOR_IDENTIFIER=Intel64 Family 6 Model 122 Stepping 1, GenuineIntel



---------------  S Y S T E M  ---------------

OS: Windows 10.0 , 64 bit Build 22000 (10.0.22000.675)

CPU:total 2 (initial active 2) (2 cores per cpu, 1 threads per core) family 6 model 122 stepping 1, cmov, cx8, fxsr, mmx, sse, sse2, sse3, ssse3, sse4.1, sse4.2, popcnt, aes, clmul, erms, 3dnowpref, tsc, tscinvbit

Memory: 4k page, physical 4013012k(317496k free), swap 16071636k(19376k free)

vm_info: Java HotSpot(TM) 64-Bit Server VM (25.271-b09) for windows-amd64 JRE (1.8.0_271-b09), built on Sep 16 2020 19:14:59 by "" with MS VC++ 15.9 (VS2017)

time: Fri May 27 18:41:46 2022
timezone: India Standard Time
elapsed time: 60.720254 seconds (0d 0h 1m 0s)

